<?xml version="1.0" encoding="UTF-8"?>
<!-- Generated by org.testng.reporters.JUnitReportReporter -->
<testsuite hostname="SUJAN-M" failures="0" tests="1" name="testcases.FindDrTest" time="33.506" errors="0" timestamp="2021-03-07T23:06:09 PST" skipped="0">
  <testcase classname="testcases.FindDrTest" name="findDoctor" time="33.506"/>
  <system-out/>
</testsuite> <!-- testcases.FindDrTest -->
